

******** <class 'pyscf.scf.addons.SmearingDFUKS'> ********
method = SmearingDFUKS
initial guess = minao
damping factor = 0.15
level_shift factor = 0.2
DIIS = <class 'pyscf.scf.diis.CDIIS'>
diis_start_cycle = 1
diis_space = 12
diis_damp = 0
SCF conv_tol = 5e-05
SCF conv_tol_grad = None
SCF max_cycles = 300
direct_scf = True
direct_scf_tol = 1e-13
chkfile to save SCF result = ./al2.4.chk
max_memory 4000 MB (current use 144 MB)
number electrons alpha = 152  beta = 150
XC library pyscf.dft.libxc version 6.1.0
    S. Lehtola, C. Steigemann, M. J.T. Oliveira, and M. A.L. Marques.,  SoftwareX 7, 1–5 (2018)
XC functionals = PBE
    J. P. Perdew, K. Burke, and M. Ernzerhof.,  Phys. Rev. Lett. 77, 3865 (1996)
    J. P. Perdew, K. Burke, and M. Ernzerhof.,  Phys. Rev. Lett. 78, 1396 (1997)
    J. P. Perdew, K. Burke, and M. Ernzerhof.,  Phys. Rev. Lett. 77, 3865 (1996)
    J. P. Perdew, K. Burke, and M. Ernzerhof.,  Phys. Rev. Lett. 78, 1396 (1997)
small_rho_cutoff = 1e-06
Set gradient conv threshold to 0.00707107
init E= -5483.9018061863
    sigma = 0.005  Optimized mu = -0.035878741475  entropy = 4.53437373889
    Total E(T) = -5480.00720817226  Free energy = -5480.02988004096  E0 = -5480.01854410661
cycle= 1 E= -5480.00720817226  delta_E= 3.89  |g|= 2.71  |ddm|=  165
    sigma = 0.005  Optimized mu = 0.0455170243586  entropy = 4.62025722387
    Total E(T) = -5451.08099268894  Free energy = -5451.10409397506  E0 = -5451.092543332
cycle= 2 E= -5451.08099268894  delta_E= 28.9  |g|= 19.5  |ddm|=  152
    sigma = 0.005  Optimized mu = -0.103848070224  entropy = 3.10943229652
    Total E(T) = -5469.64038411765  Free energy = -5469.65593127914  E0 = -5469.64815769839
cycle= 3 E= -5469.64038411765  delta_E= -18.6  |g|= 10.6  |ddm|=  101
    sigma = 0.005  Optimized mu = -0.121822146971  entropy = 0.599774714074
    Total E(T) = -5475.94176988873  Free energy = -5475.9447687623  E0 = -5475.94326932551
cycle= 4 E= -5475.94176988873  delta_E= -6.3  |g|=  6.8  |ddm|=   42
    sigma = 0.005  Optimized mu = -0.0940343419382  entropy = 0.000784944772946
    Total E(T) = -5478.0982365748  Free energy = -5478.09824049953  E0 = -5478.09823853717
cycle= 5 E= -5478.0982365748  delta_E= -2.16  |g|= 4.83  |ddm|= 20.8
    sigma = 0.005  Optimized mu = -0.104917256949  entropy = 0.00665612944378
    Total E(T) = -5479.4048535343  Free energy = -5479.40488681494  E0 = -5479.40487017462
cycle= 6 E= -5479.4048535343  delta_E= -1.31  |g|= 3.16  |ddm|= 18.3
    sigma = 0.005  Optimized mu = -0.104497047657  entropy = 0.00363699086507
    Total E(T) = -5480.08458518559  Free energy = -5480.08460337055  E0 = -5480.08459427807
cycle= 7 E= -5480.08458518559  delta_E= -0.68  |g|= 2.12  |ddm|= 16.8
    sigma = 0.005  Optimized mu = -0.0891212765239  entropy = 8.78182296896e-05
    Total E(T) = -5480.33697860957  Free energy = -5480.33697904866  E0 = -5480.33697882911
cycle= 8 E= -5480.33697860957  delta_E= -0.252  |g|= 1.85  |ddm|= 8.04
    sigma = 0.005  Optimized mu = -0.0770077353651  entropy = 6.59957635493e-06
    Total E(T) = -5480.50296252387  Free energy = -5480.50296255686  E0 = -5480.50296254036
cycle= 9 E= -5480.50296252387  delta_E= -0.166  |g|= 1.51  |ddm|= 10.3
    sigma = 0.005  Optimized mu = -0.0613633307596  entropy = 1.49152370639e-06
    Total E(T) = -5480.45452048308  Free energy = -5480.45452049054  E0 = -5480.45452048681
cycle= 10 E= -5480.45452048308  delta_E= 0.0484  |g|= 1.62  |ddm|= 17.7
    sigma = 0.005  Optimized mu = -0.0631629318695  entropy = 1.43637000189e-06
    Total E(T) = -5480.27226096218  Free energy = -5480.27226096936  E0 = -5480.27226096577
cycle= 11 E= -5480.27226096218  delta_E= 0.182  |g|=  2.1  |ddm|= 8.57
    sigma = 0.005  Optimized mu = -0.0657769593961  entropy = 1.15558755751e-06
    Total E(T) = -5480.14214556036  Free energy = -5480.14214556614  E0 = -5480.14214556325
cycle= 12 E= -5480.14214556036  delta_E= 0.13  |g|= 2.33  |ddm|= 14.2
    sigma = 0.005  Optimized mu = -0.0720826806503  entropy = 2.15367330811e-06
    Total E(T) = -5480.37930029279  Free energy = -5480.37930030356  E0 = -5480.37930029818
cycle= 13 E= -5480.37930029279  delta_E= -0.237  |g|= 1.61  |ddm|= 6.29
    sigma = 0.005  Optimized mu = -0.0891205087354  entropy = 6.59973766393e-05
    Total E(T) = -5480.71626334998  Free energy = -5480.71626367997  E0 = -5480.71626351498
cycle= 14 E= -5480.71626334998  delta_E= -0.337  |g|= 0.48  |ddm|= 15.9
    sigma = 0.005  Optimized mu = -0.0771913594246  entropy = 2.92107406457e-06
    Total E(T) = -5480.68553184463  Free energy = -5480.68553185924  E0 = -5480.68553185194
cycle= 15 E= -5480.68553184463  delta_E= 0.0307  |g|= 1.05  |ddm|= 9.77
    sigma = 0.005  Optimized mu = -0.070373110597  entropy = 8.1965682049e-07
    Total E(T) = -5480.67057361172  Free energy = -5480.67057361582  E0 = -5480.67057361377
cycle= 16 E= -5480.67057361172  delta_E= 0.015  |g|= 1.01  |ddm|= 6.45
    sigma = 0.005  Optimized mu = -0.0701842897946  entropy = 6.75647848458e-07
    Total E(T) = -5480.65605476803  Free energy = -5480.65605477141  E0 = -5480.65605476972
cycle= 17 E= -5480.65605476803  delta_E= 0.0145  |g|= 1.05  |ddm|= 5.06
    sigma = 0.005  Optimized mu = -0.0701874980257  entropy = 6.13143561372e-07
    Total E(T) = -5480.63951366996  Free energy = -5480.63951367302  E0 = -5480.63951367149
cycle= 18 E= -5480.63951366996  delta_E= 0.0165  |g|= 1.12  |ddm|= 5.28
    sigma = 0.005  Optimized mu = -0.0699362860672  entropy = 5.32256366079e-07
    Total E(T) = -5480.62944232342  Free energy = -5480.62944232608  E0 = -5480.62944232475
cycle= 19 E= -5480.62944232342  delta_E= 0.0101  |g|= 1.16  |ddm|= 4.65
    sigma = 0.005  Optimized mu = -0.0702322976043  entropy = 5.31489869347e-07
    Total E(T) = -5480.59109056437  Free energy = -5480.59109056703  E0 = -5480.5910905657
cycle= 20 E= -5480.59109056437  delta_E= 0.0384  |g|= 1.33  |ddm|= 4.02
    sigma = 0.005  Optimized mu = -0.0701409514045  entropy = 4.77139342135e-07
    Total E(T) = -5480.56878544703  Free energy = -5480.56878544941  E0 = -5480.56878544822
cycle= 21 E= -5480.56878544703  delta_E= 0.0223  |g|= 1.39  |ddm|=  3.6
    sigma = 0.005  Optimized mu = -0.0692164622801  entropy = 4.135858056e-07
    Total E(T) = -5480.5973044659  Free energy = -5480.59730446797  E0 = -5480.59730446693
cycle= 22 E= -5480.5973044659  delta_E= -0.0285  |g|= 1.24  |ddm|= 4.95
    sigma = 0.005  Optimized mu = -0.069022623681  entropy = 3.82198555433e-07
    Total E(T) = -5480.60412758643  Free energy = -5480.60412758834  E0 = -5480.60412758738
cycle= 23 E= -5480.60412758643  delta_E= -0.00682  |g|= 1.23  |ddm|= 3.59
    sigma = 0.005  Optimized mu = -0.0670452443812  entropy = 3.74391050285e-07
    Total E(T) = -5480.62085987877  Free energy = -5480.62085988064  E0 = -5480.62085987971
cycle= 24 E= -5480.62085987877  delta_E= -0.0167  |g|= 1.14  |ddm|= 3.27
    sigma = 0.005  Optimized mu = -0.068585726794  entropy = 3.41106853383e-07
    Total E(T) = -5480.62034408735  Free energy = -5480.62034408905  E0 = -5480.6203440882
cycle= 25 E= -5480.62034408735  delta_E= 0.000516  |g|= 1.17  |ddm|=  3.2
    sigma = 0.005  Optimized mu = -0.0685707131428  entropy = 3.23923996368e-07
    Total E(T) = -5480.62207383787  Free energy = -5480.62207383949  E0 = -5480.62207383868
cycle= 26 E= -5480.62207383787  delta_E= -0.00173  |g|= 1.17  |ddm|= 3.87
    sigma = 0.005  Optimized mu = -0.0644660133833  entropy = 3.19604956517e-07
    Total E(T) = -5480.62671554804  Free energy = -5480.62671554963  E0 = -5480.62671554884
cycle= 27 E= -5480.62671554804  delta_E= -0.00464  |g|= 1.13  |ddm|= 6.32
    sigma = 0.005  Optimized mu = -0.0673751053629  entropy = 3.02861627616e-07
    Total E(T) = -5480.63444773227  Free energy = -5480.63444773378  E0 = -5480.63444773303
cycle= 28 E= -5480.63444773227  delta_E= -0.00773  |g|=  1.1  |ddm|= 4.26
    sigma = 0.005  Optimized mu = -0.0494746807731  entropy = 4.74925992373e-06
    Total E(T) = -5480.72961925181  Free energy = -5480.72961927556  E0 = -5480.72961926369
cycle= 29 E= -5480.72961925181  delta_E= -0.0952  |g|= 0.566  |ddm|=   12
    sigma = 0.005  Optimized mu = -0.0528368739091  entropy = 1.83854901861e-06
    Total E(T) = -5480.76582926507  Free energy = -5480.76582927426  E0 = -5480.76582926967
cycle= 30 E= -5480.76582926507  delta_E= -0.0362  |g|= 0.209  |ddm|= 7.01
    sigma = 0.005  Optimized mu = -0.0553437086595  entropy = 1.23582247203e-06
    Total E(T) = -5480.77533124869  Free energy = -5480.77533125487  E0 = -5480.77533125178
cycle= 31 E= -5480.77533124869  delta_E= -0.0095  |g|= 0.136  |ddm|= 4.61
    sigma = 0.005  Optimized mu = -0.0580385110083  entropy = 7.05541904321e-07
    Total E(T) = -5480.77700430057  Free energy = -5480.7770043041  E0 = -5480.77700430234
cycle= 32 E= -5480.77700430057  delta_E= -0.00167  |g|= 0.127  |ddm|= 2.27
    sigma = 0.005  Optimized mu = -0.0609152413504  entropy = 4.63721683697e-07
    Total E(T) = -5480.77648343258  Free energy = -5480.77648343489  E0 = -5480.77648343373
cycle= 33 E= -5480.77648343258  delta_E= 0.000521  |g|= 0.157  |ddm|= 2.66
    sigma = 0.005  Optimized mu = -0.0611862198853  entropy = 4.3148993131e-07
    Total E(T) = -5480.77446405674  Free energy = -5480.77446405889  E0 = -5480.77446405781
cycle= 34 E= -5480.77446405674  delta_E= 0.00202  |g|= 0.217  |ddm|= 1.69
    sigma = 0.005  Optimized mu = -0.0611763282354  entropy = 4.1591404598e-07
    Total E(T) = -5480.77100478062  Free energy = -5480.7710047827  E0 = -5480.77100478166
cycle= 35 E= -5480.77100478062  delta_E= 0.00346  |g|= 0.288  |ddm|= 1.11
    sigma = 0.005  Optimized mu = -0.0614442068722  entropy = 3.97457487979e-07
    Total E(T) = -5480.76686838199  Free energy = -5480.76686838398  E0 = -5480.76686838298
cycle= 36 E= -5480.76686838199  delta_E= 0.00414  |g|= 0.355  |ddm|= 1.04
    sigma = 0.005  Optimized mu = -0.0613790546186  entropy = 3.87712258236e-07
    Total E(T) = -5480.76171371828  Free energy = -5480.76171372022  E0 = -5480.76171371925
cycle= 37 E= -5480.76171371828  delta_E= 0.00515  |g|= 0.42  |ddm|= 0.958
    sigma = 0.005  Optimized mu = -0.0613768509001  entropy = 3.76734151353e-07
    Total E(T) = -5480.75604954939  Free energy = -5480.75604955128  E0 = -5480.75604955034
cycle= 38 E= -5480.75604954939  delta_E= 0.00566  |g|= 0.481  |ddm|= 0.958
    sigma = 0.005  Optimized mu = -0.0614945602802  entropy = 3.64368324926e-07
    Total E(T) = -5480.75051282433  Free energy = -5480.75051282615  E0 = -5480.75051282524
cycle= 39 E= -5480.75051282433  delta_E= 0.00554  |g|= 0.533  |ddm|= 0.915
    sigma = 0.005  Optimized mu = -0.061560969645  entropy = 3.58140438815e-07
    Total E(T) = -5480.74458557032  Free energy = -5480.74458557211  E0 = -5480.74458557121
cycle= 40 E= -5480.74458557032  delta_E= 0.00593  |g|= 0.585  |ddm|= 0.934
    sigma = 0.005  Optimized mu = -0.0619861192058  entropy = 3.50149432036e-07
    Total E(T) = -5480.74013643793  Free energy = -5480.74013643968  E0 = -5480.7401364388
cycle= 41 E= -5480.74013643793  delta_E= 0.00445  |g|= 0.619  |ddm|= 0.991
    sigma = 0.005  Optimized mu = -0.0621096984248  entropy = 3.40942812464e-07
    Total E(T) = -5480.73649391661  Free energy = -5480.73649391831  E0 = -5480.73649391746
cycle= 42 E= -5480.73649391661  delta_E= 0.00364  |g|= 0.642  |ddm|= 0.872
    sigma = 0.005  Optimized mu = -0.0631396209442  entropy = 3.31936972812e-07
    Total E(T) = -5480.73689398977  Free energy = -5480.73689399143  E0 = -5480.7368939906
cycle= 43 E= -5480.73689398977  delta_E= -0.0004  |g|= 0.626  |ddm|= 1.47
    sigma = 0.005  Optimized mu = -0.0631805256397  entropy = 3.27648042882e-07
    Total E(T) = -5480.73895820478  Free energy = -5480.73895820642  E0 = -5480.7389582056
cycle= 44 E= -5480.73895820478  delta_E= -0.00206  |g|= 0.607  |ddm|= 0.964
    sigma = 0.005  Optimized mu = -0.0634546484599  entropy = 3.24031742268e-07
    Total E(T) = -5480.74216698559  Free energy = -5480.74216698721  E0 = -5480.7421669864
cycle= 45 E= -5480.74216698559  delta_E= -0.00321  |g|= 0.583  |ddm|= 0.792
    sigma = 0.005  Optimized mu = -0.0639197995229  entropy = 3.21660988564e-07
    Total E(T) = -5480.74729430997  Free energy = -5480.74729431158  E0 = -5480.74729431078
cycle= 46 E= -5480.74729430997  delta_E= -0.00513  |g|= 0.539  |ddm|= 0.863
    sigma = 0.005  Optimized mu = -0.0645108430395  entropy = 3.19585983338e-07
    Total E(T) = -5480.75371005367  Free energy = -5480.75371005526  E0 = -5480.75371005447
cycle= 47 E= -5480.75371005367  delta_E= -0.00642  |g|= 0.48  |ddm|= 0.653
    sigma = 0.005  Optimized mu = -0.0645388174367  entropy = 3.17094344905e-07
    Total E(T) = -5480.75853294475  Free energy = -5480.75853294633  E0 = -5480.75853294554
cycle= 48 E= -5480.75853294475  delta_E= -0.00482  |g|= 0.435  |ddm|= 0.75
    sigma = 0.005  Optimized mu = -0.0650002582742  entropy = 3.21533876256e-07
    Total E(T) = -5480.76625767031  Free energy = -5480.76625767192  E0 = -5480.76625767111
cycle= 49 E= -5480.76625767031  delta_E= -0.00772  |g|= 0.344  |ddm|= 0.997
    sigma = 0.005  Optimized mu = -0.0652176070546  entropy = 3.17687492211e-07
    Total E(T) = -5480.77165936759  Free energy = -5480.77165936918  E0 = -5480.77165936838
cycle= 50 E= -5480.77165936759  delta_E= -0.0054  |g|= 0.267  |ddm|= 0.966
    sigma = 0.005  Optimized mu = -0.0656751801358  entropy = 3.13924178203e-07
    Total E(T) = -5480.77545711206  Free energy = -5480.77545711363  E0 = -5480.77545711285
cycle= 51 E= -5480.77545711206  delta_E= -0.0038  |g|= 0.208  |ddm|= 1.45
    sigma = 0.005  Optimized mu = -0.0652283722944  entropy = 3.09020951624e-07
    Total E(T) = -5480.77782485935  Free energy = -5480.7778248609  E0 = -5480.77782486013
cycle= 52 E= -5480.77782485935  delta_E= -0.00237  |g|= 0.148  |ddm|= 0.809
    sigma = 0.005  Optimized mu = -0.0649578768474  entropy = 3.08646658859e-07
    Total E(T) = -5480.77898654536  Free energy = -5480.7789865469  E0 = -5480.77898654613
cycle= 53 E= -5480.77898654536  delta_E= -0.00116  |g|= 0.11  |ddm|= 1.01
    sigma = 0.005  Optimized mu = -0.0645236970154  entropy = 3.05599982634e-07
    Total E(T) = -5480.77942316772  Free energy = -5480.77942316925  E0 = -5480.77942316848
cycle= 54 E= -5480.77942316772  delta_E= -0.000437  |g|= 0.0936  |ddm|= 0.642
    sigma = 0.005  Optimized mu = -0.064497227443  entropy = 3.06442682761e-07
    Total E(T) = -5480.77975260204  Free energy = -5480.77975260357  E0 = -5480.77975260281
cycle= 55 E= -5480.77975260204  delta_E= -0.000329  |g|= 0.0828  |ddm|= 0.46
    sigma = 0.005  Optimized mu = -0.0644387802799  entropy = 3.06770196738e-07
    Total E(T) = -5480.7799714005  Free energy = -5480.77997140204  E0 = -5480.77997140127
cycle= 56 E= -5480.7799714005  delta_E= -0.000219  |g|= 0.0719  |ddm|= 0.24
    sigma = 0.005  Optimized mu = -0.0643478797361  entropy = 3.07325430013e-07
    Total E(T) = -5480.7801202944  Free energy = -5480.78012029593  E0 = -5480.78012029517
cycle= 57 E= -5480.7801202944  delta_E= -0.000149  |g|= 0.0652  |ddm|= 0.237
    sigma = 0.005  Optimized mu = -0.0644164132898  entropy = 3.07133635515e-07
    Total E(T) = -5480.78025704123  Free energy = -5480.78025704276  E0 = -5480.780257042
cycle= 58 E= -5480.78025704123  delta_E= -0.000137  |g|= 0.0561  |ddm|= 0.312
    sigma = 0.005  Optimized mu = -0.064357024408  entropy = 3.07645254672e-07
    Total E(T) = -5480.7803632417  Free energy = -5480.78036324324  E0 = -5480.78036324247
cycle= 59 E= -5480.7803632417  delta_E= -0.000106  |g|= 0.0487  |ddm|= 0.169
    sigma = 0.005  Optimized mu = -0.0642828817457  entropy = 3.08418893595e-07
    Total E(T) = -5480.78041709048  Free energy = -5480.78041709202  E0 = -5480.78041709125
cycle= 60 E= -5480.78041709048  delta_E= -5.38e-05  |g|= 0.0455  |ddm|= 0.155
    sigma = 0.005  Optimized mu = -0.0642195808114  entropy = 3.09584107174e-07
    Total E(T) = -5480.78043485932  Free energy = -5480.78043486087  E0 = -5480.78043486009
cycle= 61 E= -5480.78043485932  delta_E= -1.78e-05  |g|= 0.0452  |ddm|= 0.164
    sigma = 0.005  Optimized mu = -0.0642254410194  entropy = 3.09383659506e-07
    Total E(T) = -5480.78046381638  Free energy = -5480.78046381793  E0 = -5480.78046381715
cycle= 62 E= -5480.78046381638  delta_E= -2.9e-05  |g|= 0.0429  |ddm|= 0.136
    sigma = 0.005  Optimized mu = -0.064091369207  entropy = 3.12426944868e-07
    Total E(T) = -5480.78043813818  Free energy = -5480.78043813974  E0 = -5480.78043813896
cycle= 63 E= -5480.78043813818  delta_E= 2.57e-05  |g|= 0.047  |ddm|= 0.148
    sigma = 0.005  Optimized mu = -0.0640932252973  entropy = 3.1243875903e-07
    Total E(T) = -5480.78041841668  Free energy = -5480.78041841824  E0 = -5480.78041841746
cycle= 64 E= -5480.78041841668  delta_E= 1.97e-05  |g|= 0.0493  |ddm|= 0.102
    sigma = 0.005  Optimized mu = -0.0640954775425  entropy = 3.12325943517e-07
    Total E(T) = -5480.7804037016  Free energy = -5480.78040370317  E0 = -5480.78040370239
cycle= 65 E= -5480.7804037016  delta_E= 1.47e-05  |g|= 0.0515  |ddm|= 0.0935
    sigma = 0.005  Optimized mu = -0.0640908368607  entropy = 3.11934300642e-07
    Total E(T) = -5480.78041168422  Free energy = -5480.78041168578  E0 = -5480.780411685
cycle= 66 E= -5480.78041168422  delta_E= -7.98e-06  |g|= 0.0505  |ddm|= 0.248
    sigma = 0.005  Optimized mu = -0.0641146695693  entropy = 3.1284078091e-07
    Total E(T) = -5480.78041700951  Free energy = -5480.78041701108  E0 = -5480.7804170103
cycle= 67 E= -5480.78041700951  delta_E= -5.33e-06  |g|= 0.0508  |ddm|= 0.212
    sigma = 0.005  Optimized mu = -0.064124605537  entropy = 3.11934046201e-07
    Total E(T) = -5480.78042983464  Free energy = -5480.7804298362  E0 = -5480.78042983542
cycle= 68 E= -5480.78042983464  delta_E= -1.28e-05  |g|= 0.0489  |ddm|= 0.114
    sigma = 0.005  Optimized mu = -0.0640742265841  entropy = 3.12490760663e-07
    Total E(T) = -5480.78043353728  Free energy = -5480.78043353884  E0 = -5480.78043353806
cycle= 69 E= -5480.78043353728  delta_E= -3.7e-06  |g|= 0.0505  |ddm|= 0.317
    sigma = 0.005  Optimized mu = -0.0643180108304  entropy = 3.12989999385e-07
    Total E(T) = -5480.78046088662  Free energy = -5480.78046088818  E0 = -5480.7804608874
cycle= 70 E= -5480.78046088662  delta_E= -2.73e-05  |g|= 0.0461  |ddm|= 0.373
    sigma = 0.005  Optimized mu = -0.0644274599573  entropy = 3.12716965627e-07
    Total E(T) = -5480.78052591548  Free energy = -5480.78052591705  E0 = -5480.78052591627
cycle= 71 E= -5480.78052591548  delta_E= -6.5e-05  |g|= 0.0428  |ddm|= 0.701
    sigma = 0.005  Optimized mu = -0.0642399141479  entropy = 3.11768748791e-07
    Total E(T) = -5480.78058791896  Free energy = -5480.78058792052  E0 = -5480.78058791974
cycle= 72 E= -5480.78058791896  delta_E= -6.2e-05  |g|= 0.0317  |ddm|= 0.18
    sigma = 0.005  Optimized mu = -0.0642403774991  entropy = 3.10822627638e-07
    Total E(T) = -5480.78063051106  Free energy = -5480.78063051261  E0 = -5480.78063051183
cycle= 73 E= -5480.78063051106  delta_E= -4.26e-05  |g|= 0.025  |ddm|= 0.271
    sigma = 0.005  Optimized mu = -0.0645097432105  entropy = 3.08271608032e-07
    Total E(T) = -5480.78067190793  Free energy = -5480.78067190947  E0 = -5480.7806719087
cycle= 74 E= -5480.78067190793  delta_E= -4.14e-05  |g|= 0.0204  |ddm|= 0.418
    sigma = 0.005  Optimized mu = -0.0643527979528  entropy = 3.08175009985e-07
    Total E(T) = -5480.78069934211  Free energy = -5480.78069934366  E0 = -5480.78069934288
cycle= 75 E= -5480.78069934211  delta_E= -2.74e-05  |g|= 0.00819  |ddm|= 0.151
    sigma = 0.005  Optimized mu = -0.0642218560265  entropy = 3.0962274753e-07
    Total E(T) = -5480.78070699348  Free energy = -5480.78070699503  E0 = -5480.78070699425
cycle= 76 E= -5480.78070699348  delta_E= -7.65e-06  |g|= 0.00554  |ddm|= 0.168
converged SCF energy = -5480.78070699348  <S^2> = 1.1368684e-13  2S+1 = 1


******** <class 'pyscf.scf.addons.SmearingDFUKS'> ********
method = SmearingDFUKS
initial guess = minao
damping factor = 0.15
level_shift factor = 0.2
DIIS = <class 'pyscf.scf.diis.CDIIS'>
diis_start_cycle = 1
diis_space = 12
diis_damp = 0
SCF conv_tol = 5e-05
SCF conv_tol_grad = None
SCF max_cycles = 500
direct_scf = True
direct_scf_tol = 1e-13
chkfile to save SCF result = ./al2.4.chk
max_memory 4000 MB (current use 562 MB)
number electrons alpha = 152  beta = 150
XC library pyscf.dft.libxc version 6.1.0
    S. Lehtola, C. Steigemann, M. J.T. Oliveira, and M. A.L. Marques.,  SoftwareX 7, 1–5 (2018)
XC functionals = PBE
    J. P. Perdew, K. Burke, and M. Ernzerhof.,  Phys. Rev. Lett. 77, 3865 (1996)
    J. P. Perdew, K. Burke, and M. Ernzerhof.,  Phys. Rev. Lett. 78, 1396 (1997)
    J. P. Perdew, K. Burke, and M. Ernzerhof.,  Phys. Rev. Lett. 77, 3865 (1996)
    J. P. Perdew, K. Burke, and M. Ernzerhof.,  Phys. Rev. Lett. 78, 1396 (1997)
small_rho_cutoff = 1e-06
Set gradient conv threshold to 0.00707107
init E= -5480.78070597616
    sigma = 0.01  Optimized mu = -0.0630224650395  entropy = 0.00546269564403
    Total E(T) = -5480.78067754784  Free energy = -5480.7807321748  E0 = -5480.78070486132
cycle= 1 E= -5480.78067754784  delta_E= 2.84e-05  |g|= 0.0227  |ddm|= 0.277
    sigma = 0.01  Optimized mu = -0.0617476519348  entropy = 0.0055151951077
    Total E(T) = -5480.78033882173  Free energy = -5480.78039397368  E0 = -5480.78036639771
cycle= 2 E= -5480.78033882173  delta_E= 0.000339  |g|= 0.0754  |ddm|= 0.756
    sigma = 0.01  Optimized mu = -0.0627620178698  entropy = 0.00546860241064
    Total E(T) = -5480.78051606233  Free energy = -5480.78057074836  E0 = -5480.78054340535
cycle= 3 E= -5480.78051606233  delta_E= -0.000177  |g|= 0.0448  |ddm|= 0.253
    sigma = 0.01  Optimized mu = -0.0627979941731  entropy = 0.00546807173476
    Total E(T) = -5480.78060234883  Free energy = -5480.78065702955  E0 = -5480.78062968919
cycle= 4 E= -5480.78060234883  delta_E= -8.63e-05  |g|= 0.0326  |ddm|= 0.15
    sigma = 0.01  Optimized mu = -0.062786866641  entropy = 0.00546839559149
    Total E(T) = -5480.78064781048  Free energy = -5480.78070249443  E0 = -5480.78067515245
cycle= 5 E= -5480.78064781048  delta_E= -4.55e-05  |g|= 0.0251  |ddm|= 0.0952
    sigma = 0.01  Optimized mu = -0.0627843070068  entropy = 0.00546902696988
    Total E(T) = -5480.78067584381  Free energy = -5480.78073053408  E0 = -5480.78070318895
cycle= 6 E= -5480.78067584381  delta_E= -2.8e-05  |g|= 0.0185  |ddm|= 0.0719
    sigma = 0.01  Optimized mu = -0.062764718445  entropy = 0.0054723115587
    Total E(T) = -5480.78069217869  Free energy = -5480.7807469018  E0 = -5480.78071954025
cycle= 7 E= -5480.78069217869  delta_E= -1.63e-05  |g|= 0.0138  |ddm|= 0.08
    sigma = 0.01  Optimized mu = -0.0627510817804  entropy = 0.00547471873461
    Total E(T) = -5480.78070112671  Free energy = -5480.7807558739  E0 = -5480.7807285003
cycle= 8 E= -5480.78070112671  delta_E= -8.95e-06  |g|= 0.0106  |ddm|= 0.0451
    sigma = 0.01  Optimized mu = -0.0627513282367  entropy = 0.00547447985115
    Total E(T) = -5480.78070702799  Free energy = -5480.78076177279  E0 = -5480.78073440039
cycle= 9 E= -5480.78070702799  delta_E= -5.9e-06  |g|= 0.00774  |ddm|= 0.0381
    sigma = 0.01  Optimized mu = -0.0627308859422  entropy = 0.00547452688893
    Total E(T) = -5480.78070980819  Free energy = -5480.78076455346  E0 = -5480.78073718083
cycle= 10 E= -5480.78070980819  delta_E= -2.78e-06  |g|= 0.00625  |ddm|= 0.0493
converged SCF energy = -5480.78070980819  <S^2> = 8.8107299e-12  2S+1 = 1
For distance 2.4 the energy was -5480.780709808192 Hartree
=== Python finished ===

All done.
